[debug] [2019-02-04T16:47:09.953Z] ----------------------------------------------------------------------
[debug] [2019-02-04T16:47:09.955Z] Command:       /Users/jamesmorgan/.nvm/versions/node/v8.9.4/bin/node /Users/jamesmorgan/.nvm/versions/node/v8.9.4/bin/firebase deploy --only functions
[debug] [2019-02-04T16:47:09.955Z] CLI Version:   4.2.1
[debug] [2019-02-04T16:47:09.955Z] Platform:      darwin
[debug] [2019-02-04T16:47:09.955Z] Node Version:  v8.9.4
[debug] [2019-02-04T16:47:09.956Z] Time:          Mon Feb 04 2019 16:47:09 GMT+0000 (GMT)
[debug] [2019-02-04T16:47:09.956Z] ----------------------------------------------------------------------
[debug] 
[debug] [2019-02-04T16:47:09.967Z] > command requires scopes: ["email","openid","https://www.googleapis.com/auth/cloudplatformprojects.readonly","https://www.googleapis.com/auth/firebase","https://www.googleapis.com/auth/cloud-platform"]
[debug] [2019-02-04T16:47:09.968Z] > authorizing via signed-in user
[debug] [2019-02-04T16:47:09.970Z] > refreshing access token with scopes: ["email","https://www.googleapis.com/auth/cloud-platform","https://www.googleapis.com/auth/cloudplatformprojects.readonly","https://www.googleapis.com/auth/firebase","openid"]
[debug] [2019-02-04T16:47:09.970Z] >>> HTTP REQUEST POST https://www.googleapis.com/oauth2/v3/token  

[debug] [2019-02-04T16:47:10.159Z] <<< HTTP RESPONSE 200
[debug] [2019-02-04T16:47:10.172Z] >>> HTTP REQUEST GET https://admin.firebase.com/v1/projects/block-cities  
 
[debug] [2019-02-04T16:47:10.726Z] <<< HTTP RESPONSE 200
[info] 
[info] === Deploying to 'block-cities'...
[info] 
[info] i  deploying functions
[debug] [2019-02-04T16:47:14.583Z] > [functions] package.json contents: {
  "name": "functions",
  "description": "Cloud Functions for Firebase",
  "scripts": {},
  "dependencies": {
    "axios": "^0.18.0",
    "canvas": "^2.3.1",
    "cheerio": "^1.0.0-rc.2",
    "cors": "^2.8.4",
    "ethjs": "^0.4.0",
    "fs-readfile-promise": "^3.0.1",
    "lodash": "^4.17.10",
    "firebase-admin": "~6.0.0",
    "firebase-functions": "^2.1.0"
  },
  "private": true,
  "engines": {
    "node": "8"
  }
}
[info] i  functions: ensuring necessary APIs are enabled...
[debug] [2019-02-04T16:47:14.583Z] >>> HTTP REQUEST GET https://servicemanagement.googleapis.com/v1/services/cloudfunctions.googleapis.com/projectSettings/block-cities?view=CONSUMER_VIEW  
 
[debug] [2019-02-04T16:47:14.584Z] >>> HTTP REQUEST GET https://servicemanagement.googleapis.com/v1/services/runtimeconfig.googleapis.com/projectSettings/block-cities?view=CONSUMER_VIEW  
 
[debug] [2019-02-04T16:47:15.369Z] <<< HTTP RESPONSE 200
[info] ✔  functions: all necessary APIs are enabled
[debug] [2019-02-04T16:47:15.724Z] <<< HTTP RESPONSE 200
[debug] [2019-02-04T16:47:15.725Z] >>> HTTP REQUEST GET https://cloudresourcemanager.googleapis.com/v1/projects/block-cities  
 
[debug] [2019-02-04T16:47:16.441Z] <<< HTTP RESPONSE 200
[debug] [2019-02-04T16:47:16.441Z] >>> HTTP REQUEST GET https://mobilesdk-pa.googleapis.com/v1/projects/34610683078:getServerAppConfig  
 
[debug] [2019-02-04T16:47:16.629Z] <<< HTTP RESPONSE 200
[info] i  functions: preparing functions directory for uploading...
[debug] [2019-02-04T16:47:16.634Z] >>> HTTP REQUEST GET https://runtimeconfig.googleapis.com/v1beta1/projects/block-cities/configs  
 
[debug] [2019-02-04T16:47:16.857Z] <<< HTTP RESPONSE 200
[debug] [2019-02-04T17:22:52.992Z] ----------------------------------------------------------------------
[debug] [2019-02-04T17:22:52.995Z] Command:       /Users/jamesmorgan/.nvm/versions/node/v8.9.4/bin/node /Users/jamesmorgan/.nvm/versions/node/v8.9.4/bin/firebase functions:shell
[debug] [2019-02-04T17:22:52.995Z] CLI Version:   4.2.1
[debug] [2019-02-04T17:22:52.995Z] Platform:      darwin
[debug] [2019-02-04T17:22:52.995Z] Node Version:  v8.9.4
[debug] [2019-02-04T17:22:52.996Z] Time:          Mon Feb 04 2019 17:22:52 GMT+0000 (GMT)
[debug] [2019-02-04T17:22:52.996Z] ----------------------------------------------------------------------
[debug] 
[debug] [2019-02-04T17:22:53.008Z] > command requires scopes: ["email","openid","https://www.googleapis.com/auth/cloudplatformprojects.readonly","https://www.googleapis.com/auth/firebase","https://www.googleapis.com/auth/cloud-platform"]
[debug] [2019-02-04T17:22:53.008Z] > authorizing via signed-in user
[debug] [2019-02-04T17:22:53.010Z] >>> HTTP REQUEST GET https://admin.firebase.com/v1/projects/block-cities  
 
[debug] [2019-02-04T17:22:53.944Z] <<< HTTP RESPONSE 200
[info] i  functions: Preparing to emulate functions.
[debug] [2019-02-04T17:23:04.415Z] Fetching environment
[debug] [2019-02-04T17:23:04.418Z] >>> HTTP REQUEST GET https://cloudresourcemanager.googleapis.com/v1/projects/block-cities  
 
[debug] [2019-02-04T17:23:04.659Z] <<< HTTP RESPONSE 200
[debug] [2019-02-04T17:23:04.659Z] >>> HTTP REQUEST GET https://mobilesdk-pa.googleapis.com/v1/projects/34610683078:getServerAppConfig  
 
[debug] [2019-02-04T17:23:04.871Z] <<< HTTP RESPONSE 200
[debug] [2019-02-04T17:23:04.872Z] Starting @google-cloud/functions-emulator
[debug] [2019-02-04T17:23:07.421Z] Parsing function triggers
[info] ✔  functions: api
